{"level":"info","message":"GET /api-docs","timestamp":"2025-09-17T13:43:05.931Z"}
{"level":"info","message":"GET /api-docs/","timestamp":"2025-09-17T13:43:05.954Z"}
{"level":"info","message":"GET /api-docs/swagger-ui.css","timestamp":"2025-09-17T13:43:06.148Z"}
{"level":"info","message":"GET /api-docs/swagger-ui-bundle.js","timestamp":"2025-09-17T13:43:06.152Z"}
{"level":"info","message":"GET /api-docs/swagger-ui-standalone-preset.js","timestamp":"2025-09-17T13:43:06.155Z"}
{"level":"info","message":"GET /api-docs/swagger-ui-init.js","timestamp":"2025-09-17T13:43:06.160Z"}
{"level":"info","message":"GET /api-docs/favicon-32x32.png","timestamp":"2025-09-17T13:43:06.927Z"}
{"level":"info","message":"GET /api-docs/","timestamp":"2025-09-17T13:43:07.180Z"}
{"level":"info","message":"GET /api-docs/swagger-ui.css","timestamp":"2025-09-17T13:43:07.249Z"}
{"level":"info","message":"GET /api-docs/swagger-ui-bundle.js","timestamp":"2025-09-17T13:43:07.252Z"}
{"level":"info","message":"GET /api-docs/swagger-ui-standalone-preset.js","timestamp":"2025-09-17T13:43:07.254Z"}
{"level":"info","message":"GET /api-docs/swagger-ui-init.js","timestamp":"2025-09-17T13:43:07.256Z"}
{"level":"info","message":"GET /api-docs/favicon-32x32.png","timestamp":"2025-09-17T13:43:08.015Z"}
{"level":"info","message":"GET /api-docs/","timestamp":"2025-09-17T13:46:26.076Z"}
{"level":"info","message":"GET /api-docs/swagger-ui.css","timestamp":"2025-09-17T13:46:26.171Z"}
{"level":"info","message":"GET /api-docs/swagger-ui-bundle.js","timestamp":"2025-09-17T13:46:26.174Z"}
{"level":"info","message":"GET /api-docs/swagger-ui-standalone-preset.js","timestamp":"2025-09-17T13:46:26.176Z"}
{"level":"info","message":"GET /api-docs/swagger-ui-init.js","timestamp":"2025-09-17T13:46:26.178Z"}
{"level":"info","message":"GET /api-docs/favicon-32x32.png","timestamp":"2025-09-17T13:46:26.946Z"}
{"level":"info","message":"GET /offers","timestamp":"2025-09-17T13:48:04.857Z"}
{"level":"error","message":"Request failed with status code 401","timestamp":"2025-09-17T13:48:05.332Z"}
{"level":"info","message":"GET /api-docs/","timestamp":"2025-09-17T13:49:00.002Z"}
{"level":"info","message":"GET /api-docs/swagger-ui.css","timestamp":"2025-09-17T13:49:00.092Z"}
{"level":"info","message":"GET /api-docs/swagger-ui-bundle.js","timestamp":"2025-09-17T13:49:00.096Z"}
{"level":"info","message":"GET /api-docs/swagger-ui-standalone-preset.js","timestamp":"2025-09-17T13:49:00.097Z"}
{"level":"info","message":"GET /api-docs/swagger-ui-init.js","timestamp":"2025-09-17T13:49:00.100Z"}
{"level":"info","message":"GET /api-docs/favicon-32x32.png","timestamp":"2025-09-17T13:49:00.848Z"}
{"level":"info","message":"POST /offers","timestamp":"2025-09-17T13:49:30.037Z"}
{"level":"info","message":"GET /api-docs/","timestamp":"2025-09-17T13:55:08.470Z"}
{"level":"info","message":"GET /api-docs/swagger-ui.css","timestamp":"2025-09-17T13:55:08.550Z"}
{"level":"info","message":"GET /api-docs/swagger-ui-bundle.js","timestamp":"2025-09-17T13:55:08.555Z"}
{"level":"info","message":"GET /api-docs/swagger-ui-standalone-preset.js","timestamp":"2025-09-17T13:55:08.557Z"}
{"level":"info","message":"GET /api-docs/swagger-ui-init.js","timestamp":"2025-09-17T13:55:08.561Z"}
{"level":"info","message":"GET /api-docs/favicon-32x32.png","timestamp":"2025-09-17T13:55:09.365Z"}
